Plugins:
Bundled analyzers:
  - JaCoCo 1.3.0.1538 (jacoco)
  - IaC Code Quality and Security 1.41.0.14206 (iac)
  - Text Code Quality and Security 2.20.0.5038 (text)
  - Clean as You Code 2.4.0.2018 (cayc)
Global server settings:
  - sonar.azureresourcemanager.file.suffixes=.bicep
  - sonar.core.id=147B411E-AZTmsskrq-xwRfH4-XCp
  - sonar.core.startTime=2025-02-09T20:42:51-0300
  - sonar.cs.file.suffixes=.cs,.razor
  - sonar.css.file.suffixes=.css,.less,.scss,.sass
  - sonar.docker.file.patterns=Dockerfile,*.dockerfile
  - sonar.flex.file.suffixes=as
  - sonar.forceAuthentication=true
  - sonar.go.file.suffixes=.go
  - sonar.html.file.suffixes=.html,.xhtml,.cshtml,.vbhtml,.aspx,.ascx,.rhtml,.erb,.shtm,.shtml,.cmp,.twig
  - sonar.ipynb.file.suffixes=ipynb
  - sonar.java.file.suffixes=.java,.jav
  - sonar.java.jvmframeworkconfig.file.patterns=**/src/main/resources/**/*app*.properties,**/src/main/resources/**/*app*.yaml,**/src/main/resources/**/*app*.yml
  - sonar.javascript.file.suffixes=.js,.jsx,.cjs,.mjs,.vue
  - sonar.json.file.suffixes=.json
  - sonar.jsp.file.suffixes=.jsp,.jspf,.jspx
  - sonar.kotlin.file.suffixes=.kt,.kts
  - sonar.multi-quality-mode.enabled=true
  - sonar.php.file.suffixes=php,php3,php4,php5,phtml,inc
  - sonar.python.file.suffixes=py
  - sonar.qualityProfiles.allowDisableInheritedRules=true
  - sonar.ruby.file.suffixes=.rb
  - sonar.scala.file.suffixes=.scala
  - sonar.terraform.file.suffixes=.tf
  - sonar.typescript.file.suffixes=.ts,.tsx,.cts,.mts
  - sonar.vbnet.file.suffixes=.vb
  - sonar.xml.file.suffixes=.xml,.xsd,.xsl,.config
  - sonar.yaml.file.suffixes=.yaml,.yml
Project server settings:
  - sonar.azureresourcemanager.file.suffixes=.bicep
  - sonar.cs.file.suffixes=.cs,.razor
  - sonar.css.file.suffixes=.css,.less,.scss,.sass
  - sonar.docker.file.patterns=Dockerfile,*.dockerfile
  - sonar.flex.file.suffixes=as
  - sonar.go.file.suffixes=.go
  - sonar.html.file.suffixes=.html,.xhtml,.cshtml,.vbhtml,.aspx,.ascx,.rhtml,.erb,.shtm,.shtml,.cmp,.twig
  - sonar.ipynb.file.suffixes=ipynb
  - sonar.java.file.suffixes=.java,.jav
  - sonar.java.jvmframeworkconfig.file.patterns=**/src/main/resources/**/*app*.properties,**/src/main/resources/**/*app*.yaml,**/src/main/resources/**/*app*.yml
  - sonar.javascript.file.suffixes=.js,.jsx,.cjs,.mjs,.vue
  - sonar.json.file.suffixes=.json
  - sonar.jsp.file.suffixes=.jsp,.jspf,.jspx
  - sonar.kotlin.file.suffixes=.kt,.kts
  - sonar.php.file.suffixes=php,php3,php4,php5,phtml,inc
  - sonar.python.file.suffixes=py
  - sonar.ruby.file.suffixes=.rb
  - sonar.scala.file.suffixes=.scala
  - sonar.terraform.file.suffixes=.tf
  - sonar.typescript.file.suffixes=.ts,.tsx,.cts,.mts
  - sonar.vbnet.file.suffixes=.vb
  - sonar.xml.file.suffixes=.xml,.xsd,.xsl,.config
  - sonar.yaml.file.suffixes=.yaml,.yml
Project scanner properties:
  - sonar.host.url=http://localhost:9000
  - sonar.modules=backend,frontend
  - sonar.projectBaseDir=C:\Users\André Araújo\Documents\GitHub\Sistema-MeuPPC
  - sonar.projectKey=Teste-projeto
  - sonar.projectName=Teste projeto
  - sonar.projectVersion=1.0
  - sonar.scanner.apiBaseUrl=http://localhost:9000/api/v2
  - sonar.scanner.app=ScannerCLI
  - sonar.scanner.appVersion=6.2.1.4610
  - sonar.scanner.arch=amd64
  - sonar.scanner.bootstrapStartTime=1739146259071
  - sonar.scanner.home=C:\sonar-scanner-6.2.1.4610-windows-x64\bin\..
  - sonar.scanner.os=windows
  - sonar.scanner.wasEngineCacheHit=true
  - sonar.scanner.wasJreCacheHit=HIT
  - sonar.sources=.
  - sonar.token=******
  - sonar.verbose=true
  - sonar.working.directory=C:\Users\André Araújo\Documents\GitHub\Sistema-MeuPPC\.scannerwork
Scanner properties of module: Teste-projeto:Meu-sistema-ppc-frontend
  - sonar.coverage.exclusions=**/node_modules/**,**/tests/**
  - sonar.exclusions=**/node_modules/**,**/build/**,**/dist/**,**/*.test.js,**/*.spec.js
  - sonar.moduleKey=Teste-projeto:Meu-sistema-ppc-frontend
  - sonar.projectBaseDir=C:\Users\André Araújo\Documents\GitHub\Sistema-MeuPPC\FRONT-END\sistema-ppc
  - sonar.projectKey=Teste-projeto:Meu-sistema-ppc-frontend
  - sonar.projectName=Front-End
  - sonar.sources=src
Scanner properties of module: Teste-projeto:Meu-sistema-ppc-backend
  - sonar.exclusions=**/node_modules/**,**/dist/**,**/.env,**/*.log
  - sonar.moduleKey=Teste-projeto:Meu-sistema-ppc-backend
  - sonar.projectBaseDir=C:\Users\André Araújo\Documents\GitHub\Sistema-MeuPPC\backend
  - sonar.projectKey=Teste-projeto:Meu-sistema-ppc-backend
  - sonar.projectName=Back-End
